Arguments: 
  /usr/bin/node /usr/bin/yarn add @binance-chain/javascript-sdk/lib/

PATH: 
  /home/unchained/.pyenv/plugins/pyenv-virtualenv/shims:/home/unchained/.pyenv/bin:/home/unchained/.local/bin:/usr/local/bin:/usr/bin:/bin:/usr/local/sbin:/usr/lib/jvm/default/bin:/usr/bin/site_perl:/usr/bin/vendor_perl:/usr/bin/core_perl:/var/lib/snapd/snap/bin

Yarn version: 
  1.22.19

Node version: 
  18.3.0

Platform: 
  linux x64

Trace: 
  Error: https://registry.yarnpkg.com/@binance-chain%2fjavascript-sdk/lib/: Request "https://registry.yarnpkg.com/@binance-chain%2fjavascript-sdk/lib/" returned a 405
      at params.callback [as _callback] (/usr/lib/node_modules/yarn/lib/cli.js:66154:18)
      at self.callback (/usr/lib/node_modules/yarn/lib/cli.js:140890:22)
      at Request.emit (node:events:527:28)
      at Request.<anonymous> (/usr/lib/node_modules/yarn/lib/cli.js:141862:10)
      at Request.emit (node:events:527:28)
      at IncomingMessage.<anonymous> (/usr/lib/node_modules/yarn/lib/cli.js:141784:12)
      at Object.onceWrapper (node:events:641:28)
      at IncomingMessage.emit (node:events:539:35)
      at endReadableNT (node:internal/streams/readable:1344:12)
      at process.processTicksAndRejections (node:internal/process/task_queues:82:21)

npm manifest: 
  {
    "name": "thor-trader",
    "version": "1.0.0",
    "description": "",
    "main": "index.js",
    "type": "module",
    "scripts": {
      "start": "tsc --watch",
      "test": "echo \"Error: no test specified\" && exit 1"
    },
    "keywords": [],
    "author": "",
    "license": "ISC",
    "devDependencies": {
      "typescript": "^4.7.4"
    },
    "dependencies": {
      "@cosmos-client/core": "^0.46.0-rc7",
      "@xchainjs/xchain-binance": "^5.5.0",
      "@xchainjs/xchain-client": "^0.12.0",
      "@xchainjs/xchain-cosmos": "^0.19.0",
      "@xchainjs/xchain-crypto": "^0.2.6",
      "@xchainjs/xchain-ethereum": "^0.26.0",
      "@xchainjs/xchain-midgard": "^0.1.0-alpha2",
      "@xchainjs/xchain-thorchain": "^0.25.3",
      "@xchainjs/xchain-thorchain-amm": "^0.1.0-alpha",
      "@xchainjs/xchain-util": "^0.8.0",
      "axios": "^0.27.2",
      "axios-retry": "^3.3.1",
      "bech32-buffer": "^0.2.0",
      "bignumber.js": "^9.0.2",
      "ethers": "^5.6.9",
      "fs": "^0.0.1-security"
    }
  }

yarn manifest: 
  No manifest

Lockfile: 
  # THIS IS AN AUTOGENERATED FILE. DO NOT EDIT THIS FILE DIRECTLY.
  # yarn lockfile v1
  
  
  "@babel/runtime@^7.15.4":
    version "7.18.9"
    resolved "https://registry.yarnpkg.com/@babel/runtime/-/runtime-7.18.9.tgz#b4fcfce55db3d2e5e080d2490f608a3b9f407f4a"
    integrity sha512-lkqXDcvlFT5rvEjiu6+QYO+1GXrEHRo2LOtS7E4GtX5ESIZOgepqsZBVIj6Pv+a6zqsya9VCgiK1KAK4BvJDAw==
    dependencies:
      regenerator-runtime "^0.13.4"
  
  "@cosmos-client/core@^0.46.0-rc7":
    version "0.46.0-rc7"
    resolved "https://registry.yarnpkg.com/@cosmos-client/core/-/core-0.46.0-rc7.tgz#fa1ed40202bbcb5e0d7f61ba942ae5902b166348"
    integrity sha512-tfBM/H4FP1fdOM74+vEeKRvAPLtncTZcHknw8IH1/j2ptcrYtEstjF649OYR66wnrCC2ev/wISpi/S3ltmSoBQ==
    dependencies:
      axios "^0.23.0"
      bech32 "^1.1.4"
      bip32 "^2.0.6"
      bip39 "^3.0.4"
      process "^0.11.10"
      protobufjs "^6.11.2"
      rxjs "^7.4.0"
      secp256k1 "^4.0.2"
      tweetnacl "^1.0.3"
  
  "@ethersproject/abi@5.6.4", "@ethersproject/abi@^5.6.3":
    version "5.6.4"
    resolved "https://registry.yarnpkg.com/@ethersproject/abi/-/abi-5.6.4.tgz#f6e01b6ed391a505932698ecc0d9e7a99ee60362"
    integrity sha512-TTeZUlCeIHG6527/2goZA6gW5F8Emoc7MrZDC7hhP84aRGvW3TEdTnZR08Ls88YXM1m2SuK42Osw/jSi3uO8gg==
    dependencies:
      "@ethersproject/address" "^5.6.1"
      "@ethersproject/bignumber" "^5.6.2"
      "@ethersproject/bytes" "^5.6.1"
      "@ethersproject/constants" "^5.6.1"
      "@ethersproject/hash" "^5.6.1"
      "@ethersproject/keccak256" "^5.6.1"
      "@ethersproject/logger" "^5.6.0"
      "@ethersproject/properties" "^5.6.0"
      "@ethersproject/strings" "^5.6.1"
  
  "@ethersproject/abstract-provider@5.6.1", "@ethersproject/abstract-provider@^5.6.1":
    version "5.6.1"
    resolved "https://registry.yarnpkg.com/@ethersproject/abstract-provider/-/abstract-provider-5.6.1.tgz#02ddce150785caf0c77fe036a0ebfcee61878c59"
    integrity sha512-BxlIgogYJtp1FS8Muvj8YfdClk3unZH0vRMVX791Z9INBNT/kuACZ9GzaY1Y4yFq+YSy6/w4gzj3HCRKrK9hsQ==
    dependencies:
      "@ethersproject/bignumber" "^5.6.2"
      "@ethersproject/bytes" "^5.6.1"
      "@ethersproject/logger" "^5.6.0"
      "@ethersproject/networks" "^5.6.3"
      "@ethersproject/properties" "^5.6.0"
      "@ethersproject/transactions" "^5.6.2"
      "@ethersproject/web" "^5.6.1"
  
  "@ethersproject/abstract-signer@5.6.2", "@ethersproject/abstract-signer@^5.6.2":
    version "5.6.2"
    resolved "https://registry.yarnpkg.com/@ethersproject/abstract-signer/-/abstract-signer-5.6.2.tgz#491f07fc2cbd5da258f46ec539664713950b0b33"
    integrity sha512-n1r6lttFBG0t2vNiI3HoWaS/KdOt8xyDjzlP2cuevlWLG6EX0OwcKLyG/Kp/cuwNxdy/ous+R/DEMdTUwWQIjQ==
    dependencies:
      "@ethersproject/abstract-provider" "^5.6.1"
      "@ethersproject/bignumber" "^5.6.2"
      "@ethersproject/bytes" "^5.6.1"
      "@ethersproject/logger" "^5.6.0"
      "@ethersproject/properties" "^5.6.0"
  
  "@ethersproject/address@5.6.1", "@ethersproject/address@^5.6.1":
    version "5.6.1"
    resolved "https://registry.yarnpkg.com/@ethersproject/address/-/address-5.6.1.tgz#ab57818d9aefee919c5721d28cd31fd95eff413d"
    integrity sha512-uOgF0kS5MJv9ZvCz7x6T2EXJSzotiybApn4XlOgoTX0xdtyVIJ7pF+6cGPxiEq/dpBiTfMiw7Yc81JcwhSYA0Q==
    dependencies:
      "@ethersproject/bignumber" "^5.6.2"
      "@ethersproject/bytes" "^5.6.1"
      "@ethersproject/keccak256" "^5.6.1"
      "@ethersproject/logger" "^5.6.0"
      "@ethersproject/rlp" "^5.6.1"
  
  "@ethersproject/base64@5.6.1", "@ethersproject/base64@^5.6.1":
    version "5.6.1"
    resolved "https://registry.yarnpkg.com/@ethersproject/base64/-/base64-5.6.1.tgz#2c40d8a0310c9d1606c2c37ae3092634b41d87cb"
    integrity sha512-qB76rjop6a0RIYYMiB4Eh/8n+Hxu2NIZm8S/Q7kNo5pmZfXhHGHmS4MinUainiBC54SCyRnwzL+KZjj8zbsSsw==
    dependencies:
      "@ethersproject/bytes" "^5.6.1"
  
  "@ethersproject/basex@5.6.1", "@ethersproject/basex@^5.6.1":
    version "5.6.1"
    resolved "https://registry.yarnpkg.com/@ethersproject/basex/-/basex-5.6.1.tgz#badbb2f1d4a6f52ce41c9064f01eab19cc4c5305"
    integrity sha512-a52MkVz4vuBXR06nvflPMotld1FJWSj2QT0985v7P/emPZO00PucFAkbcmq2vpVU7Ts7umKiSI6SppiLykVWsA==
    dependencies:
      "@ethersproject/bytes" "^5.6.1"
      "@ethersproject/properties" "^5.6.0"
  
  "@ethersproject/bignumber@5.6.2", "@ethersproject/bignumber@^5.6.2":
    version "5.6.2"
    resolved "https://registry.yarnpkg.com/@ethersproject/bignumber/-/bignumber-5.6.2.tgz#72a0717d6163fab44c47bcc82e0c550ac0315d66"
    integrity sha512-v7+EEUbhGqT3XJ9LMPsKvXYHFc8eHxTowFCG/HgJErmq4XHJ2WR7aeyICg3uTOAQ7Icn0GFHAohXEhxQHq4Ubw==
    dependencies:
      "@ethersproject/bytes" "^5.6.1"
      "@ethersproject/logger" "^5.6.0"
      bn.js "^5.2.1"
  
  "@ethersproject/bytes@5.6.1", "@ethersproject/bytes@^5.6.1":
    version "5.6.1"
    resolved "https://registry.yarnpkg.com/@ethersproject/bytes/-/bytes-5.6.1.tgz#24f916e411f82a8a60412344bf4a813b917eefe7"
    integrity sha512-NwQt7cKn5+ZE4uDn+X5RAXLp46E1chXoaMmrxAyA0rblpxz8t58lVkrHXoRIn0lz1joQElQ8410GqhTqMOwc6g==
    dependencies:
      "@ethersproject/logger" "^5.6.0"
  
  "@ethersproject/constants@5.6.1", "@ethersproject/constants@^5.6.1":
    version "5.6.1"
    resolved "https://registry.yarnpkg.com/@ethersproject/constants/-/constants-5.6.1.tgz#e2e974cac160dd101cf79fdf879d7d18e8cb1370"
    integrity sha512-QSq9WVnZbxXYFftrjSjZDUshp6/eKp6qrtdBtUCm0QxCV5z1fG/w3kdlcsjMCQuQHUnAclKoK7XpXMezhRDOLg==
    dependencies:
      "@ethersproject/bignumber" "^5.6.2"
  
  "@ethersproject/contracts@5.6.2":
    version "5.6.2"
    resolved "https://registry.yarnpkg.com/@ethersproject/contracts/-/contracts-5.6.2.tgz#20b52e69ebc1b74274ff8e3d4e508de971c287bc"
    integrity sha512-hguUA57BIKi6WY0kHvZp6PwPlWF87MCeB4B7Z7AbUpTxfFXFdn/3b0GmjZPagIHS+3yhcBJDnuEfU4Xz+Ks/8g==
    dependencies:
      "@ethersproject/abi" "^5.6.3"
      "@ethersproject/abstract-provider" "^5.6.1"
      "@ethersproject/abstract-signer" "^5.6.2"
      "@ethersproject/address" "^5.6.1"
      "@ethersproject/bignumber" "^5.6.2"
      "@ethersproject/bytes" "^5.6.1"
      "@ethersproject/constants" "^5.6.1"
      "@ethersproject/logger" "^5.6.0"
      "@ethersproject/properties" "^5.6.0"
      "@ethersproject/transactions" "^5.6.2"
  
  "@ethersproject/hash@5.6.1", "@ethersproject/hash@^5.6.1":
    version "5.6.1"
    resolved "https://registry.yarnpkg.com/@ethersproject/hash/-/hash-5.6.1.tgz#224572ea4de257f05b4abf8ae58b03a67e99b0f4"
    integrity sha512-L1xAHurbaxG8VVul4ankNX5HgQ8PNCTrnVXEiFnE9xoRnaUcgfD12tZINtDinSllxPLCtGwguQxJ5E6keE84pA==
    dependencies:
      "@ethersproject/abstract-signer" "^5.6.2"
      "@ethersproject/address" "^5.6.1"
      "@ethersproject/bignumber" "^5.6.2"
      "@ethersproject/bytes" "^5.6.1"
      "@ethersproject/keccak256" "^5.6.1"
      "@ethersproject/logger" "^5.6.0"
      "@ethersproject/properties" "^5.6.0"
      "@ethersproject/strings" "^5.6.1"
  
  "@ethersproject/hdnode@5.6.2", "@ethersproject/hdnode@^5.6.2":
    version "5.6.2"
    resolved "https://registry.yarnpkg.com/@ethersproject/hdnode/-/hdnode-5.6.2.tgz#26f3c83a3e8f1b7985c15d1db50dc2903418b2d2"
    integrity sha512-tERxW8Ccf9CxW2db3WsN01Qao3wFeRsfYY9TCuhmG0xNpl2IO8wgXU3HtWIZ49gUWPggRy4Yg5axU0ACaEKf1Q==
    dependencies:
      "@ethersproject/abstract-signer" "^5.6.2"
      "@ethersproject/basex" "^5.6.1"
      "@ethersproject/bignumber" "^5.6.2"
      "@ethersproject/bytes" "^5.6.1"
      "@ethersproject/logger" "^5.6.0"
      "@ethersproject/pbkdf2" "^5.6.1"
      "@ethersproject/properties" "^5.6.0"
      "@ethersproject/sha2" "^5.6.1"
      "@ethersproject/signing-key" "^5.6.2"
      "@ethersproject/strings" "^5.6.1"
      "@ethersproject/transactions" "^5.6.2"
      "@ethersproject/wordlists" "^5.6.1"
  
  "@ethersproject/json-wallets@5.6.1", "@ethersproject/json-wallets@^5.6.1":
    version "5.6.1"
    resolved "https://registry.yarnpkg.com/@ethersproject/json-wallets/-/json-wallets-5.6.1.tgz#3f06ba555c9c0d7da46756a12ac53483fe18dd91"
    integrity sha512-KfyJ6Zwz3kGeX25nLihPwZYlDqamO6pfGKNnVMWWfEVVp42lTfCZVXXy5Ie8IZTN0HKwAngpIPi7gk4IJzgmqQ==
    dependencies:
      "@ethersproject/abstract-signer" "^5.6.2"
      "@ethersproject/address" "^5.6.1"
      "@ethersproject/bytes" "^5.6.1"
      "@ethersproject/hdnode" "^5.6.2"
      "@ethersproject/keccak256" "^5.6.1"
      "@ethersproject/logger" "^5.6.0"
      "@ethersproject/pbkdf2" "^5.6.1"
      "@ethersproject/properties" "^5.6.0"
      "@ethersproject/random" "^5.6.1"
      "@ethersproject/strings" "^5.6.1"
      "@ethersproject/transactions" "^5.6.2"
      aes-js "3.0.0"
      scrypt-js "3.0.1"
  
  "@ethersproject/keccak256@5.6.1", "@ethersproject/keccak256@^5.6.1":
    version "5.6.1"
    resolved "https://registry.yarnpkg.com/@ethersproject/keccak256/-/keccak256-5.6.1.tgz#b867167c9b50ba1b1a92bccdd4f2d6bd168a91cc"
    integrity sha512-bB7DQHCTRDooZZdL3lk9wpL0+XuG3XLGHLh3cePnybsO3V0rdCAOQGpn/0R3aODmnTOOkCATJiD2hnL+5bwthA==
    dependencies:
      "@ethersproject/bytes" "^5.6.1"
      js-sha3 "0.8.0"
  
  "@ethersproject/logger@5.6.0", "@ethersproject/logger@^5.6.0":
    version "5.6.0"
    resolved "https://registry.yarnpkg.com/@ethersproject/logger/-/logger-5.6.0.tgz#d7db1bfcc22fd2e4ab574cba0bb6ad779a9a3e7a"
    integrity sha512-BiBWllUROH9w+P21RzoxJKzqoqpkyM1pRnEKG69bulE9TSQD8SAIvTQqIMZmmCO8pUNkgLP1wndX1gKghSpBmg==
  
  "@ethersproject/networks@5.6.4", "@ethersproject/networks@^5.6.3":
    version "5.6.4"
    resolved "https://registry.yarnpkg.com/@ethersproject/networks/-/networks-5.6.4.tgz#51296d8fec59e9627554f5a8a9c7791248c8dc07"
    integrity sha512-KShHeHPahHI2UlWdtDMn2lJETcbtaJge4k7XSjDR9h79QTd6yQJmv6Cp2ZA4JdqWnhszAOLSuJEd9C0PRw7hSQ==
    dependencies:
      "@ethersproject/logger" "^5.6.0"
  
  "@ethersproject/pbkdf2@5.6.1", "@ethersproject/pbkdf2@^5.6.1":
    version "5.6.1"
    resolved "https://registry.yarnpkg.com/@ethersproject/pbkdf2/-/pbkdf2-5.6.1.tgz#f462fe320b22c0d6b1d72a9920a3963b09eb82d1"
    integrity sha512-k4gRQ+D93zDRPNUfmduNKq065uadC2YjMP/CqwwX5qG6R05f47boq6pLZtV/RnC4NZAYOPH1Cyo54q0c9sshRQ==
    dependencies:
      "@ethersproject/bytes" "^5.6.1"
      "@ethersproject/sha2" "^5.6.1"
  
  "@ethersproject/properties@5.6.0", "@ethersproject/properties@^5.6.0":
    version "5.6.0"
    resolved "https://registry.yarnpkg.com/@ethersproject/properties/-/properties-5.6.0.tgz#38904651713bc6bdd5bdd1b0a4287ecda920fa04"
    integrity sha512-szoOkHskajKePTJSZ46uHUWWkbv7TzP2ypdEK6jGMqJaEt2sb0jCgfBo0gH0m2HBpRixMuJ6TBRaQCF7a9DoCg==
    dependencies:
      "@ethersproject/logger" "^5.6.0"
  
  "@ethersproject/providers@5.6.8":
    version "5.6.8"
    resolved "https://registry.yarnpkg.com/@ethersproject/providers/-/providers-5.6.8.tgz#22e6c57be215ba5545d3a46cf759d265bb4e879d"
    integrity sha512-Wf+CseT/iOJjrGtAOf3ck9zS7AgPmr2fZ3N97r4+YXN3mBePTG2/bJ8DApl9mVwYL+RpYbNxMEkEp4mPGdwG/w==
    dependencies:
      "@ethersproject/abstract-provider" "^5.6.1"
      "@ethersproject/abstract-signer" "^5.6.2"
      "@ethersproject/address" "^5.6.1"
      "@ethersproject/base64" "^5.6.1"
      "@ethersproject/basex" "^5.6.1"
      "@ethersproject/bignumber" "^5.6.2"
      "@ethersproject/bytes" "^5.6.1"
      "@ethersproject/constants" "^5.6.1"
      "@ethersproject/hash" "^5.6.1"
      "@ethersproject/logger" "^5.6.0"
      "@ethersproject/networks" "^5.6.3"
      "@ethersproject/properties" "^5.6.0"
      "@ethersproject/random" "^5.6.1"
      "@ethersproject/rlp" "^5.6.1"
      "@ethersproject/sha2" "^5.6.1"
      "@ethersproject/strings" "^5.6.1"
      "@ethersproject/transactions" "^5.6.2"
      "@ethersproject/web" "^5.6.1"
      bech32 "1.1.4"
      ws "7.4.6"
  
  "@ethersproject/random@5.6.1", "@ethersproject/random@^5.6.1":
    version "5.6.1"
    resolved "https://registry.yarnpkg.com/@ethersproject/random/-/random-5.6.1.tgz#66915943981bcd3e11bbd43733f5c3ba5a790255"
    integrity sha512-/wtPNHwbmng+5yi3fkipA8YBT59DdkGRoC2vWk09Dci/q5DlgnMkhIycjHlavrvrjJBkFjO/ueLyT+aUDfc4lA==
    dependencies:
      "@ethersproject/bytes" "^5.6.1"
      "@ethersproject/logger" "^5.6.0"
  
  "@ethersproject/rlp@5.6.1", "@ethersproject/rlp@^5.6.1":
    version "5.6.1"
    resolved "https://registry.yarnpkg.com/@ethersproject/rlp/-/rlp-5.6.1.tgz#df8311e6f9f24dcb03d59a2bac457a28a4fe2bd8"
    integrity sha512-uYjmcZx+DKlFUk7a5/W9aQVaoEC7+1MOBgNtvNg13+RnuUwT4F0zTovC0tmay5SmRslb29V1B7Y5KCri46WhuQ==
    dependencies:
      "@ethersproject/bytes" "^5.6.1"
      "@ethersproject/logger" "^5.6.0"
  
  "@ethersproject/sha2@5.6.1", "@ethersproject/sha2@^5.6.1":
    version "5.6.1"
    resolved "https://registry.yarnpkg.com/@ethersproject/sha2/-/sha2-5.6.1.tgz#211f14d3f5da5301c8972a8827770b6fd3e51656"
    integrity sha512-5K2GyqcW7G4Yo3uenHegbXRPDgARpWUiXc6RiF7b6i/HXUoWlb7uCARh7BAHg7/qT/Q5ydofNwiZcim9qpjB6g==
    dependencies:
      "@ethersproject/bytes" "^5.6.1"
      "@ethersproject/logger" "^5.6.0"
      hash.js "1.1.7"
  
  "@ethersproject/signing-key@5.6.2", "@ethersproject/signing-key@^5.6.2":
    version "5.6.2"
    resolved "https://registry.yarnpkg.com/@ethersproject/signing-key/-/signing-key-5.6.2.tgz#8a51b111e4d62e5a62aee1da1e088d12de0614a3"
    integrity sha512-jVbu0RuP7EFpw82vHcL+GP35+KaNruVAZM90GxgQnGqB6crhBqW/ozBfFvdeImtmb4qPko0uxXjn8l9jpn0cwQ==
    dependencies:
      "@ethersproject/bytes" "^5.6.1"
      "@ethersproject/logger" "^5.6.0"
      "@ethersproject/properties" "^5.6.0"
      bn.js "^5.2.1"
      elliptic "6.5.4"
      hash.js "1.1.7"
  
  "@ethersproject/solidity@5.6.1":
    version "5.6.1"
    resolved "https://registry.yarnpkg.com/@ethersproject/solidity/-/solidity-5.6.1.tgz#5845e71182c66d32e6ec5eefd041fca091a473e2"
    integrity sha512-KWqVLkUUoLBfL1iwdzUVlkNqAUIFMpbbeH0rgCfKmJp0vFtY4AsaN91gHKo9ZZLkC4UOm3cI3BmMV4N53BOq4g==
    dependencies:
      "@ethersproject/bignumber" "^5.6.2"
      "@ethersproject/bytes" "^5.6.1"
      "@ethersproject/keccak256" "^5.6.1"
      "@ethersproject/logger" "^5.6.0"
      "@ethersproject/sha2" "^5.6.1"
      "@ethersproject/strings" "^5.6.1"
  
  "@ethersproject/strings@5.6.1", "@ethersproject/strings@^5.6.1":
    version "5.6.1"
    resolved "https://registry.yarnpkg.com/@ethersproject/strings/-/strings-5.6.1.tgz#dbc1b7f901db822b5cafd4ebf01ca93c373f8952"
    integrity sha512-2X1Lgk6Jyfg26MUnsHiT456U9ijxKUybz8IM1Vih+NJxYtXhmvKBcHOmvGqpFSVJ0nQ4ZCoIViR8XlRw1v/+Cw==
    dependencies:
      "@ethersproject/bytes" "^5.6.1"
      "@ethersproject/constants" "^5.6.1"
      "@ethersproject/logger" "^5.6.0"
  
  "@ethersproject/transactions@5.6.2", "@ethersproject/transactions@^5.6.2":
    version "5.6.2"
    resolved "https://registry.yarnpkg.com/@ethersproject/transactions/-/transactions-5.6.2.tgz#793a774c01ced9fe7073985bb95a4b4e57a6370b"
    integrity sha512-BuV63IRPHmJvthNkkt9G70Ullx6AcM+SDc+a8Aw/8Yew6YwT51TcBKEp1P4oOQ/bP25I18JJr7rcFRgFtU9B2Q==
    dependencies:
      "@ethersproject/address" "^5.6.1"
      "@ethersproject/bignumber" "^5.6.2"
      "@ethersproject/bytes" "^5.6.1"
      "@ethersproject/constants" "^5.6.1"
      "@ethersproject/keccak256" "^5.6.1"
      "@ethersproject/logger" "^5.6.0"
      "@ethersproject/properties" "^5.6.0"
      "@ethersproject/rlp" "^5.6.1"
      "@ethersproject/signing-key" "^5.6.2"
  
  "@ethersproject/units@5.6.1":
    version "5.6.1"
    resolved "https://registry.yarnpkg.com/@ethersproject/units/-/units-5.6.1.tgz#ecc590d16d37c8f9ef4e89e2005bda7ddc6a4e6f"
    integrity sha512-rEfSEvMQ7obcx3KWD5EWWx77gqv54K6BKiZzKxkQJqtpriVsICrktIQmKl8ReNToPeIYPnFHpXvKpi068YFZXw==
    dependencies:
      "@ethersproject/bignumber" "^5.6.2"
      "@ethersproject/constants" "^5.6.1"
      "@ethersproject/logger" "^5.6.0"
  
  "@ethersproject/wallet@5.6.2":
    version "5.6.2"
    resolved "https://registry.yarnpkg.com/@ethersproject/wallet/-/wallet-5.6.2.tgz#cd61429d1e934681e413f4bc847a5f2f87e3a03c"
    integrity sha512-lrgh0FDQPuOnHcF80Q3gHYsSUODp6aJLAdDmDV0xKCN/T7D99ta1jGVhulg3PY8wiXEngD0DfM0I2XKXlrqJfg==
    dependencies:
      "@ethersproject/abstract-provider" "^5.6.1"
      "@ethersproject/abstract-signer" "^5.6.2"
      "@ethersproject/address" "^5.6.1"
      "@ethersproject/bignumber" "^5.6.2"
      "@ethersproject/bytes" "^5.6.1"
      "@ethersproject/hash" "^5.6.1"
      "@ethersproject/hdnode" "^5.6.2"
      "@ethersproject/json-wallets" "^5.6.1"
      "@ethersproject/keccak256" "^5.6.1"
      "@ethersproject/logger" "^5.6.0"
      "@ethersproject/properties" "^5.6.0"
      "@ethersproject/random" "^5.6.1"
      "@ethersproject/signing-key" "^5.6.2"
      "@ethersproject/transactions" "^5.6.2"
      "@ethersproject/wordlists" "^5.6.1"
  
  "@ethersproject/web@5.6.1", "@ethersproject/web@^5.6.1":
    version "5.6.1"
    resolved "https://registry.yarnpkg.com/@ethersproject/web/-/web-5.6.1.tgz#6e2bd3ebadd033e6fe57d072db2b69ad2c9bdf5d"
    integrity sha512-/vSyzaQlNXkO1WV+RneYKqCJwualcUdx/Z3gseVovZP0wIlOFcCE1hkRhKBH8ImKbGQbMl9EAAyJFrJu7V0aqA==
    dependencies:
      "@ethersproject/base64" "^5.6.1"
      "@ethersproject/bytes" "^5.6.1"
      "@ethersproject/logger" "^5.6.0"
      "@ethersproject/properties" "^5.6.0"
      "@ethersproject/strings" "^5.6.1"
  
  "@ethersproject/wordlists@5.6.1", "@ethersproject/wordlists@^5.6.1":
    version "5.6.1"
    resolved "https://registry.yarnpkg.com/@ethersproject/wordlists/-/wordlists-5.6.1.tgz#1e78e2740a8a21e9e99947e47979d72e130aeda1"
    integrity sha512-wiPRgBpNbNwCQFoCr8bcWO8o5I810cqO6mkdtKfLKFlLxeCWcnzDi4Alu8iyNzlhYuS9npCwivMbRWF19dyblw==
    dependencies:
      "@ethersproject/bytes" "^5.6.1"
      "@ethersproject/hash" "^5.6.1"
      "@ethersproject/logger" "^5.6.0"
      "@ethersproject/properties" "^5.6.0"
      "@ethersproject/strings" "^5.6.1"
  
  "@protobufjs/aspromise@^1.1.1", "@protobufjs/aspromise@^1.1.2":
    version "1.1.2"
    resolved "https://registry.yarnpkg.com/@protobufjs/aspromise/-/aspromise-1.1.2.tgz#9b8b0cc663d669a7d8f6f5d0893a14d348f30fbf"
    integrity sha512-j+gKExEuLmKwvz3OgROXtrJ2UG2x8Ch2YZUxahh+s1F2HZ+wAceUNLkvy6zKCPVRkU++ZWQrdxsUeQXmcg4uoQ==
  
  "@protobufjs/base64@^1.1.2":
    version "1.1.2"
    resolved "https://registry.yarnpkg.com/@protobufjs/base64/-/base64-1.1.2.tgz#4c85730e59b9a1f1f349047dbf24296034bb2735"
    integrity sha512-AZkcAA5vnN/v4PDqKyMR5lx7hZttPDgClv83E//FMNhR2TMcLUhfRUBHCmSl0oi9zMgDDqRUJkSxO3wm85+XLg==
  
  "@protobufjs/codegen@^2.0.4":
    version "2.0.4"
    resolved "https://registry.yarnpkg.com/@protobufjs/codegen/-/codegen-2.0.4.tgz#7ef37f0d010fb028ad1ad59722e506d9262815cb"
    integrity sha512-YyFaikqM5sH0ziFZCN3xDC7zeGaB/d0IUb9CATugHWbd1FRFwWwt4ld4OYMPWu5a3Xe01mGAULCdqhMlPl29Jg==
  
  "@protobufjs/eventemitter@^1.1.0":
    version "1.1.0"
    resolved "https://registry.yarnpkg.com/@protobufjs/eventemitter/-/eventemitter-1.1.0.tgz#355cbc98bafad5978f9ed095f397621f1d066b70"
    integrity sha512-j9ednRT81vYJ9OfVuXG6ERSTdEL1xVsNgqpkxMsbIabzSo3goCjDIveeGv5d03om39ML71RdmrGNjG5SReBP/Q==
  
  "@protobufjs/fetch@^1.1.0":
    version "1.1.0"
    resolved "https://registry.yarnpkg.com/@protobufjs/fetch/-/fetch-1.1.0.tgz#ba99fb598614af65700c1619ff06d454b0d84c45"
    integrity sha512-lljVXpqXebpsijW71PZaCYeIcE5on1w5DlQy5WH6GLbFryLUrBD4932W/E2BSpfRJWseIL4v/KPgBFxDOIdKpQ==
    dependencies:
      "@protobufjs/aspromise" "^1.1.1"
      "@protobufjs/inquire" "^1.1.0"
  
  "@protobufjs/float@^1.0.2":
    version "1.0.2"
    resolved "https://registry.yarnpkg.com/@protobufjs/float/-/float-1.0.2.tgz#5e9e1abdcb73fc0a7cb8b291df78c8cbd97b87d1"
    integrity sha512-Ddb+kVXlXst9d+R9PfTIxh1EdNkgoRe5tOX6t01f1lYWOvJnSPDBlG241QLzcyPdoNTsblLUdujGSE4RzrTZGQ==
  
  "@protobufjs/inquire@^1.1.0":
    version "1.1.0"
    resolved "https://registry.yarnpkg.com/@protobufjs/inquire/-/inquire-1.1.0.tgz#ff200e3e7cf2429e2dcafc1140828e8cc638f089"
    integrity sha512-kdSefcPdruJiFMVSbn801t4vFK7KB/5gd2fYvrxhuJYg8ILrmn9SKSX2tZdV6V+ksulWqS7aXjBcRXl3wHoD9Q==
  
  "@protobufjs/path@^1.1.2":
    version "1.1.2"
    resolved "https://registry.yarnpkg.com/@protobufjs/path/-/path-1.1.2.tgz#6cc2b20c5c9ad6ad0dccfd21ca7673d8d7fbf68d"
    integrity sha512-6JOcJ5Tm08dOHAbdR3GrvP+yUUfkjG5ePsHYczMFLq3ZmMkAD98cDgcT2iA1lJ9NVwFd4tH/iSSoe44YWkltEA==
  
  "@protobufjs/pool@^1.1.0":
    version "1.1.0"
    resolved "https://registry.yarnpkg.com/@protobufjs/pool/-/pool-1.1.0.tgz#09fd15f2d6d3abfa9b65bc366506d6ad7846ff54"
    integrity sha512-0kELaGSIDBKvcgS4zkjz1PeddatrjYcmMWOlAuAPwAeccUrPHdUqo/J6LiymHHEiJT5NrF1UVwxY14f+fy4WQw==
  
  "@protobufjs/utf8@^1.1.0":
    version "1.1.0"
    resolved "https://registry.yarnpkg.com/@protobufjs/utf8/-/utf8-1.1.0.tgz#a777360b5b39a1a2e5106f8e858f2fd2d060c570"
    integrity sha512-Vvn3zZrhQZkkBE8LSuW3em98c0FwgO4nxzv6OdSxPKJIEKY2bGbHn+mhGIPerzI4twdxaP8/0+06HBpwf345Lw==
  
  "@types/long@^4.0.1":
    version "4.0.2"
    resolved "https://registry.yarnpkg.com/@types/long/-/long-4.0.2.tgz#b74129719fc8d11c01868010082d483b7545591a"
    integrity sha512-MqTGEo5bj5t157U6fA/BiDynNkn0YknVdh48CMPkTSpFTVmvao5UQmm7uEF6xBEo7qIMAlY/JSleYaE6VOdpaA==
  
  "@types/node@10.12.18":
    version "10.12.18"
    resolved "https://registry.yarnpkg.com/@types/node/-/node-10.12.18.tgz#1d3ca764718915584fcd9f6344621b7672665c67"
    integrity sha512-fh+pAqt4xRzPfqA6eh3Z2y6fyZavRIumvjhaCL753+TVkGKGhpPeyrJG2JftD0T9q4GF00KjefsQ+PQNDdWQaQ==
  
  "@types/node@11.11.6":
    version "11.11.6"
    resolved "https://registry.yarnpkg.com/@types/node/-/node-11.11.6.tgz#df929d1bb2eee5afdda598a41930fe50b43eaa6a"
    integrity sha512-Exw4yUWMBXM3X+8oqzJNRqZSwUAaS4+7NdvHqQuFi/d+synz++xmX3QIf+BFqneW8N31R8Ky+sikfZUXq07ggQ==
  
  "@types/node@>=13.7.0":
    version "18.0.6"
    resolved "https://registry.yarnpkg.com/@types/node/-/node-18.0.6.tgz#0ba49ac517ad69abe7a1508bc9b3a5483df9d5d7"
    integrity sha512-/xUq6H2aQm261exT6iZTMifUySEt4GR5KX8eYyY+C4MSNPqSh9oNIP7tz2GLKTlFaiBbgZNxffoR3CVRG+cljw==
  
  "@xchainjs/xchain-binance@^5.5.0":
    version "5.5.0"
    resolved "https://registry.yarnpkg.com/@xchainjs/xchain-binance/-/xchain-binance-5.5.0.tgz#d7b8801f4dea5a2ab0f3a8dc178b8a9c7b964f22"
    integrity sha512-rsED8cs5Z1faXovSfgr1m5SmeP4Xe0W3sjDy0gCwIWeDnFWmnV5gV0jRPY2n+lQEKHsVokqjx62gfW8+2KlOnA==
  
  "@xchainjs/xchain-client@^0.12.0":
    version "0.12.0"
    resolved "https://registry.yarnpkg.com/@xchainjs/xchain-client/-/xchain-client-0.12.0.tgz#134c1c3a9c5681ffdee5d1a71d84f87bf06754bb"
    integrity sha512-ew60LuvUCAd0v/50+YsfitBpKVcx9apWWS/E8tlj7ntAJwPbwiI67ux6L42RVJveB+tMsoX3hbJG4xvGpHocyw==
  
  "@xchainjs/xchain-cosmos@^0.19.0":
    version "0.19.0"
    resolved "https://registry.yarnpkg.com/@xchainjs/xchain-cosmos/-/xchain-cosmos-0.19.0.tgz#01475a73d6f9c8849213005aa21d6aa2d0603cdf"
    integrity sha512-lXN08iy8hToafDTci+vO0yRl2MIWLfWhCZQB6p2TZj7Nmz1YqFHoAvKFw4632F5HM4qO2/sJqRcel2tUge6YcA==
  
  "@xchainjs/xchain-crypto@^0.2.6":
    version "0.2.6"
    resolved "https://registry.yarnpkg.com/@xchainjs/xchain-crypto/-/xchain-crypto-0.2.6.tgz#2d0a6f81aefd8741b4e428431651d9c312f4b410"
    integrity sha512-DVw+JDNQ0uNgc8JbWYh8BEJuABxzvfwXvp0mX8ywEeN0xwZ87JavyKQs+I2aWNhcE0shww1bQd9u8w6BdtUM4g==
    dependencies:
      bech32 "^2.0.0"
      bip39 "^3.0.4"
      crypto-js "^4.1.1"
      foundry-primitives "^0.2.1"
      hdkey "^2.0.1"
      uuid "^8.3.2"
  
  "@xchainjs/xchain-ethereum@^0.26.0":
    version "0.26.0"
    resolved "https://registry.yarnpkg.com/@xchainjs/xchain-ethereum/-/xchain-ethereum-0.26.0.tgz#d8f7864c77ef13b5183af59d0d65298747985988"
    integrity sha512-egLPIRcKdSkm4A+PavQiies7Da5WLqe9JSYZU6E9x9bDoHIIzvlSGAqfWFBoRuwSGO0vPDQs4NIvGgviVfySWw==
  
  "@xchainjs/xchain-midgard@^0.1.0-alpha2":
    version "0.1.0-alpha2"
    resolved "https://registry.yarnpkg.com/@xchainjs/xchain-midgard/-/xchain-midgard-0.1.0-alpha2.tgz#e35f1748a9a9e726c007ebafcff35eb4292c284d"
    integrity sha512-cmmkQ0m1Knd58Dt4pfarAHMtMKhr8fdmrA/1w02/rjhpGUCHU5TeCSSbF6rO+BBS7rbeoIrIR3EMkjL/P3rJcQ==
  
  "@xchainjs/xchain-thorchain-amm@^0.1.0-alpha":
    version "0.1.0-alpha"
    resolved "https://registry.yarnpkg.com/@xchainjs/xchain-thorchain-amm/-/xchain-thorchain-amm-0.1.0-alpha.tgz#8e124e92dcd72e8ae501741a646725af8b90df00"
    integrity sha512-SUSaTp+1WGECfKcoiHzqV/QvmCy3XXacNRJSdahpC+w1RD/PMjDqsSTCERDGPAIetN6TkVTTuKYy0nu1vy4IVw==
  
  "@xchainjs/xchain-thorchain@^0.25.3":
    version "0.25.3"
    resolved "https://registry.yarnpkg.com/@xchainjs/xchain-thorchain/-/xchain-thorchain-0.25.3.tgz#ad0ba16f4c58bcb60409509f95b37025e43fa851"
    integrity sha512-q/YX52MutEzI4MgtW+Z1/bbW6/ZhjZkFZU+S4u5NYnhY210zzEcVLJA87gCcIY7x1KdVTQOytPEJRMdi78k+Pw==
  
  "@xchainjs/xchain-util@^0.8.0":
    version "0.8.0"
    resolved "https://registry.yarnpkg.com/@xchainjs/xchain-util/-/xchain-util-0.8.0.tgz#578578f0babb53d78ef8bc91657ff7f279dceabe"
    integrity sha512-nAE9kfYD8EMZKz8z7JSh3/hhqrzEowjYQDXNxkqTg3D9181Nk/RwI2x5z2h/C65F7YQ4OXZpt34IXskWYCL5QA==
  
  aes-js@3.0.0:
    version "3.0.0"
    resolved "https://registry.yarnpkg.com/aes-js/-/aes-js-3.0.0.tgz#e21df10ad6c2053295bcbb8dab40b09dbea87e4d"
    integrity sha512-H7wUZRn8WpTq9jocdxQ2c8x2sKo9ZVmzfRE13GiNJXfp7NcKYEdvl3vspKjXox6RIG2VtaRe4JFvxG4rqp2Zuw==
  
  asynckit@^0.4.0:
    version "0.4.0"
    resolved "https://registry.yarnpkg.com/asynckit/-/asynckit-0.4.0.tgz#c79ed97f7f34cb8f2ba1bc9790bcc366474b4b79"
    integrity sha512-Oei9OH4tRh0YqU3GxhX79dM/mwVgvbZJaSNaRk+bshkj0S5cfHcgYakreBjrHwatXKbz+IoIdYLxrKim2MjW0Q==
  
  axios-retry@^3.3.1:
    version "3.3.1"
    resolved "https://registry.yarnpkg.com/axios-retry/-/axios-retry-3.3.1.tgz#47624646138aedefbad2ac32f226f4ee94b6dcab"
    integrity sha512-RohAUQTDxBSWLFEnoIG/6bvmy8l3TfpkclgStjl5MDCMBDgapAWCmr1r/9harQfWC8bzLC8job6UcL1A1Yc+/Q==
    dependencies:
      "@babel/runtime" "^7.15.4"
      is-retry-allowed "^2.2.0"
  
  axios@^0.23.0:
    version "0.23.0"
    resolved "https://registry.yarnpkg.com/axios/-/axios-0.23.0.tgz#b0fa5d0948a8d1d75e3d5635238b6c4625b05149"
    integrity sha512-NmvAE4i0YAv5cKq8zlDoPd1VLKAqX5oLuZKs8xkJa4qi6RGn0uhCYFjWtHHC9EM/MwOwYWOs53W+V0aqEXq1sg==
    dependencies:
      follow-redirects "^1.14.4"
  
  axios@^0.27.2:
    version "0.27.2"
    resolved "https://registry.yarnpkg.com/axios/-/axios-0.27.2.tgz#207658cc8621606e586c85db4b41a750e756d972"
    integrity sha512-t+yRIyySRTp/wua5xEr+z1q60QmLq8ABsS5O9Me1AsE5dfKqgnCFzwiCZZ/cGNd1lq4/7akDWMxdhVlucjmnOQ==
    dependencies:
      follow-redirects "^1.14.9"
      form-data "^4.0.0"
  
  base-x@^3.0.2:
    version "3.0.9"
    resolved "https://registry.yarnpkg.com/base-x/-/base-x-3.0.9.tgz#6349aaabb58526332de9f60995e548a53fe21320"
    integrity sha512-H7JU6iBHTal1gp56aKoaa//YUxEaAOUiydvrV/pILqIHXTtqxSkATOnDA2u+jZ/61sD+L/412+7kzXRtWukhpQ==
    dependencies:
      safe-buffer "^5.0.1"
  
  base64-js@^1.3.1:
    version "1.5.1"
    resolved "https://registry.yarnpkg.com/base64-js/-/base64-js-1.5.1.tgz#1b1b440160a5bf7ad40b650f095963481903930a"
    integrity sha512-AKpaYlHn8t4SVbOHCy+b5+KKgvR4vrsD8vbvrbiQJps7fKDTkjkDry6ji0rUJjC0kzbNePLwzxq8iypo41qeWA==
  
  bech32-buffer@^0.2.0:
    version "0.2.0"
    resolved "https://registry.yarnpkg.com/bech32-buffer/-/bech32-buffer-0.2.0.tgz#c0565f0045eea0ffd510846680dda4e31a1d944e"
    integrity sha512-Ez8s82a+Xnn/m3/ftGaQJUSFG4EwNIj9adIJBw8OrHASQsXgvwLSducbcJ9El0rsrwJYJ71yBhC/hZzz3FPSCQ==
  
  bech32@1.1.4, bech32@^1.1.4:
    version "1.1.4"
    resolved "https://registry.yarnpkg.com/bech32/-/bech32-1.1.4.tgz#e38c9f37bf179b8eb16ae3a772b40c356d4832e9"
    integrity sha512-s0IrSOzLlbvX7yp4WBfPITzpAU8sqQcpsmwXDiKwrG4r491vwCO/XpejasRNl0piBMe/DvP4Tz0mIS/X1DPJBQ==
  
  bech32@^2.0.0:
    version "2.0.0"
    resolved "https://registry.yarnpkg.com/bech32/-/bech32-2.0.0.tgz#078d3686535075c8c79709f054b1b226a133b355"
    integrity sha512-LcknSilhIGatDAsY1ak2I8VtGaHNhgMSYVxFrGLXv+xLHytaKZKcaUJJUE7qmBr7h33o5YQwP55pMI0xmkpJwg==
  
  bignumber.js@^7.2.1:
    version "7.2.1"
    resolved "https://registry.yarnpkg.com/bignumber.js/-/bignumber.js-7.2.1.tgz#80c048759d826800807c4bfd521e50edbba57a5f"
    integrity sha512-S4XzBk5sMB+Rcb/LNcpzXr57VRTxgAvaAEDAl1AwRx27j00hT84O6OkteE7u8UB3NuaaygCRrEpqox4uDOrbdQ==
  
  bignumber.js@^9.0.2:
    version "9.0.2"
    resolved "https://registry.yarnpkg.com/bignumber.js/-/bignumber.js-9.0.2.tgz#71c6c6bed38de64e24a65ebe16cfcf23ae693673"
    integrity sha512-GAcQvbpsM0pUb0zw1EI0KhQEZ+lRwR5fYaAp3vPOYuP7aDvGy6cVN6XHLauvF8SOga2y0dcLcjt3iQDTSEliyw==
  
  bindings@^1.3.0:
    version "1.5.0"
    resolved "https://registry.yarnpkg.com/bindings/-/bindings-1.5.0.tgz#10353c9e945334bc0511a6d90b38fbc7c9c504df"
    integrity sha512-p2q/t/mhvuOj/UeLlV6566GD/guowlr0hHxClI0W9m7MWYkL1F0hLo+0Aexs9HSPCtR1SXQ0TD3MMKrXZajbiQ==
    dependencies:
      file-uri-to-path "1.0.0"
  
  bip32@^2.0.6:
    version "2.0.6"
    resolved "https://registry.yarnpkg.com/bip32/-/bip32-2.0.6.tgz#6a81d9f98c4cd57d05150c60d8f9e75121635134"
    integrity sha512-HpV5OMLLGTjSVblmrtYRfFFKuQB+GArM0+XP8HGWfJ5vxYBqo+DesvJwOdC2WJ3bCkZShGf0QIfoIpeomVzVdA==
    dependencies:
      "@types/node" "10.12.18"
      bs58check "^2.1.1"
      create-hash "^1.2.0"
      create-hmac "^1.1.7"
      tiny-secp256k1 "^1.1.3"
      typeforce "^1.11.5"
      wif "^2.0.6"
  
  bip39@^3.0.4:
    version "3.0.4"
    resolved "https://registry.yarnpkg.com/bip39/-/bip39-3.0.4.tgz#5b11fed966840b5e1b8539f0f54ab6392969b2a0"
    integrity sha512-YZKQlb752TrUWqHWj7XAwCSjYEgGAk+/Aas3V7NyjQeZYsztO8JnQUaCWhcnL4T+jL8nvB8typ2jRPzTlgugNw==
    dependencies:
      "@types/node" "11.11.6"
      create-hash "^1.1.0"
      pbkdf2 "^3.0.9"
      randombytes "^2.0.1"
  
  blakejs@^1.1.0:
    version "1.2.1"
    resolved "https://registry.yarnpkg.com/blakejs/-/blakejs-1.2.1.tgz#5057e4206eadb4a97f7c0b6e197a505042fc3814"
    integrity sha512-QXUSXI3QVc/gJME0dBpXrag1kbzOqCjCX8/b54ntNyW6sjtoqxqRk3LTmXzaJoh71zMsDCjM+47jS7XiwN/+fQ==
  
  bn.js@^4.11.8, bn.js@^4.11.9:
    version "4.12.0"
    resolved "https://registry.yarnpkg.com/bn.js/-/bn.js-4.12.0.tgz#775b3f278efbb9718eec7361f483fb36fbbfea88"
    integrity sha512-c98Bf3tPniI+scsdk237ku1Dc3ujXQTSgyiPUDEOe7tRkhrqridvh8klBv0HCEso1OLOYcHuCv/cS6DNxKH+ZA==
  
  bn.js@^5.2.0, bn.js@^5.2.1:
    version "5.2.1"
    resolved "https://registry.yarnpkg.com/bn.js/-/bn.js-5.2.1.tgz#0bc527a6a0d18d0aa8d5b0538ce4a77dccfa7b70"
    integrity sha512-eXRvHzWyYPBuB4NBy0cmYQjGitUrtqwbvlzP3G6VFnNRbsZQIxQ10PbKKHt8gZ/HW/D/747aDl+QkDqg3KQLMQ==
  
  brorand@^1.1.0:
    version "1.1.0"
    resolved "https://registry.yarnpkg.com/brorand/-/brorand-1.1.0.tgz#12c25efe40a45e3c323eb8675a0a0ce57b22371f"
    integrity sha512-cKV8tMCEpQs4hK/ik71d6LrPOnpkpGBR0wzxqr68g2m/LB2GxVYQroAjMJZRVM1Y4BCjCKc3vAamxSzOY2RP+w==
  
  bs58@^4.0.0:
    version "4.0.1"
    resolved "https://registry.yarnpkg.com/bs58/-/bs58-4.0.1.tgz#be161e76c354f6f788ae4071f63f34e8c4f0a42a"
    integrity sha512-Ok3Wdf5vOIlBrgCvTq96gBkJw+JUEzdBgyaza5HLtPm7yTHkjRy8+JzNyHF7BHa0bNWOQIp3m5YF0nnFcOIKLw==
    dependencies:
      base-x "^3.0.2"
  
  bs58check@<3.0.0, bs58check@^2.1.1, bs58check@^2.1.2:
    version "2.1.2"
    resolved "https://registry.yarnpkg.com/bs58check/-/bs58check-2.1.2.tgz#53b018291228d82a5aa08e7d796fdafda54aebfc"
    integrity sha512-0TS1jicxdU09dwJMNZtVAfzPi6Q6QeN0pM1Fkzrjn+XYHvzMKPU3pHVpva+769iNVSfIYWf7LJ6WR+BuuMf8cA==
    dependencies:
      bs58 "^4.0.0"
      create-hash "^1.1.0"
      safe-buffer "^5.1.2"
  
  buffer@^5.2.1:
    version "5.7.1"
    resolved "https://registry.yarnpkg.com/buffer/-/buffer-5.7.1.tgz#ba62e7c13133053582197160851a8f648e99eed0"
    integrity sha512-EHcyIPBQ4BSGlvjB16k5KgAJ27CIsHY/2JBmCRReo48y9rQ3MaUzWX3KVlBa4U7MyX02HdVj0K7C3WaB3ju7FQ==
    dependencies:
      base64-js "^1.3.1"
      ieee754 "^1.1.13"
  
  cipher-base@^1.0.1, cipher-base@^1.0.3:
    version "1.0.4"
    resolved "https://registry.yarnpkg.com/cipher-base/-/cipher-base-1.0.4.tgz#8760e4ecc272f4c363532f926d874aae2c1397de"
    integrity sha512-Kkht5ye6ZGmwv40uUDZztayT2ThLQGfnj/T71N/XzeZeo3nf8foyW7zGTsPYkEya3m5f3cAypH+qe7YOrM1U2Q==
    dependencies:
      inherits "^2.0.1"
      safe-buffer "^5.0.1"
  
  combined-stream@^1.0.8:
    version "1.0.8"
    resolved "https://registry.yarnpkg.com/combined-stream/-/combined-stream-1.0.8.tgz#c3d45a8b34fd730631a110a8a2520682b31d5a7f"
    integrity sha512-FQN4MRfuJeHf7cBbBMJFXhKSDq+2kAArBlmRBvcvFE5BB1HZKXtSFASDhdlz9zOYwxh8lDdnvmMOe/+5cdoEdg==
    dependencies:
      delayed-stream "~1.0.0"
  
  create-hash@^1.1.0, create-hash@^1.1.2, create-hash@^1.2.0:
    version "1.2.0"
    resolved "https://registry.yarnpkg.com/create-hash/-/create-hash-1.2.0.tgz#889078af11a63756bcfb59bd221996be3a9ef196"
    integrity sha512-z00bCGNHDG8mHAkP7CtT1qVu+bFQUPjYq/4Iv3C3kWjTFV10zIjfSoeqXo9Asws8gwSHDGj/hl2u4OGIjapeCg==
    dependencies:
      cipher-base "^1.0.1"
      inherits "^2.0.1"
      md5.js "^1.3.4"
      ripemd160 "^2.0.1"
      sha.js "^2.4.0"
  
  create-hmac@^1.1.4, create-hmac@^1.1.7:
    version "1.1.7"
    resolved "https://registry.yarnpkg.com/create-hmac/-/create-hmac-1.1.7.tgz#69170c78b3ab957147b2b8b04572e47ead2243ff"
    integrity sha512-MJG9liiZ+ogc4TzUwuvbER1JRdgvUFSB5+VR/g5h82fGaIRWMWddtKBHi7/sVhfjQZ6SehlyhvQYrcYkaUIpLg==
    dependencies:
      cipher-base "^1.0.3"
      create-hash "^1.1.0"
      inherits "^2.0.1"
      ripemd160 "^2.0.0"
      safe-buffer "^5.0.1"
      sha.js "^2.4.8"
  
  crypto-js@^3.1.9-1:
    version "3.3.0"
    resolved "https://registry.yarnpkg.com/crypto-js/-/crypto-js-3.3.0.tgz#846dd1cce2f68aacfa156c8578f926a609b7976b"
    integrity sha512-DIT51nX0dCfKltpRiXV+/TVZq+Qq2NgF4644+K7Ttnla7zEzqc+kjJyiB96BHNyUTBxyjzRcZYpUdZa+QAqi6Q==
  
  crypto-js@^4.1.1:
    version "4.1.1"
    resolved "https://registry.yarnpkg.com/crypto-js/-/crypto-js-4.1.1.tgz#9e485bcf03521041bd85844786b83fb7619736cf"
    integrity sha512-o2JlM7ydqd3Qk9CA0L4NL6mTzU2sdx96a+oOfPu8Mkl/PK51vSyoi8/rQ8NknZtk44vq15lmhAj9CIAGwgeWKw==
  
  delayed-stream@~1.0.0:
    version "1.0.0"
    resolved "https://registry.yarnpkg.com/delayed-stream/-/delayed-stream-1.0.0.tgz#df3ae199acadfb7d440aaae0b29e2272b24ec619"
    integrity sha512-ZySD7Nf91aLB0RxL4KGrKHBXl7Eds1DAmEdcoVawXnLD7SDhpNgtuII2aAkg7a7QS41jxPSZ17p4VdGnMHk3MQ==
  
  elliptic@6.5.4, elliptic@^6.4.0, elliptic@^6.4.1, elliptic@^6.5.4:
    version "6.5.4"
    resolved "https://registry.yarnpkg.com/elliptic/-/elliptic-6.5.4.tgz#da37cebd31e79a1367e941b592ed1fbebd58abbb"
    integrity sha512-iLhC6ULemrljPZb+QutR5TQGB+pdW6KGD5RSegS+8sorOZT+rdQFbsQFJgvN3eRqNALqJer4oQ16YvJHlU8hzQ==
    dependencies:
      bn.js "^4.11.9"
      brorand "^1.1.0"
      hash.js "^1.0.0"
      hmac-drbg "^1.0.1"
      inherits "^2.0.4"
      minimalistic-assert "^1.0.1"
      minimalistic-crypto-utils "^1.0.1"
  
  ethers@^5.6.9:
    version "5.6.9"
    resolved "https://registry.yarnpkg.com/ethers/-/ethers-5.6.9.tgz#4e12f8dfcb67b88ae7a78a9519b384c23c576a4d"
    integrity sha512-lMGC2zv9HC5EC+8r429WaWu3uWJUCgUCt8xxKCFqkrFuBDZXDYIdzDUECxzjf2BMF8IVBByY1EBoGSL3RTm8RA==
    dependencies:
      "@ethersproject/abi" "5.6.4"
      "@ethersproject/abstract-provider" "5.6.1"
      "@ethersproject/abstract-signer" "5.6.2"
      "@ethersproject/address" "5.6.1"
      "@ethersproject/base64" "5.6.1"
      "@ethersproject/basex" "5.6.1"
      "@ethersproject/bignumber" "5.6.2"
      "@ethersproject/bytes" "5.6.1"
      "@ethersproject/constants" "5.6.1"
      "@ethersproject/contracts" "5.6.2"
      "@ethersproject/hash" "5.6.1"
      "@ethersproject/hdnode" "5.6.2"
      "@ethersproject/json-wallets" "5.6.1"
      "@ethersproject/keccak256" "5.6.1"
      "@ethersproject/logger" "5.6.0"
      "@ethersproject/networks" "5.6.4"
      "@ethersproject/pbkdf2" "5.6.1"
      "@ethersproject/properties" "5.6.0"
      "@ethersproject/providers" "5.6.8"
      "@ethersproject/random" "5.6.1"
      "@ethersproject/rlp" "5.6.1"
      "@ethersproject/sha2" "5.6.1"
      "@ethersproject/signing-key" "5.6.2"
      "@ethersproject/solidity" "5.6.1"
      "@ethersproject/strings" "5.6.1"
      "@ethersproject/transactions" "5.6.2"
      "@ethersproject/units" "5.6.1"
      "@ethersproject/wallet" "5.6.2"
      "@ethersproject/web" "5.6.1"
      "@ethersproject/wordlists" "5.6.1"
  
  file-uri-to-path@1.0.0:
    version "1.0.0"
    resolved "https://registry.yarnpkg.com/file-uri-to-path/-/file-uri-to-path-1.0.0.tgz#553a7b8446ff6f684359c445f1e37a05dacc33dd"
    integrity sha512-0Zt+s3L7Vf1biwWZ29aARiVYLx7iMGnEUl9x33fbB/j3jR81u/O2LbqK+Bm1CDSNDKVtJ/YjwY7TUd5SkeLQLw==
  
  follow-redirects@^1.14.4, follow-redirects@^1.14.9:
    version "1.15.1"
    resolved "https://registry.yarnpkg.com/follow-redirects/-/follow-redirects-1.15.1.tgz#0ca6a452306c9b276e4d3127483e29575e207ad5"
    integrity sha512-yLAMQs+k0b2m7cVxpS1VKJVvoz7SS9Td1zss3XRwXj+ZDH00RJgnuLx7E44wx02kQLrdM3aOOy+FpzS7+8OizA==
  
  form-data@^4.0.0:
    version "4.0.0"
    resolved "https://registry.yarnpkg.com/form-data/-/form-data-4.0.0.tgz#93919daeaf361ee529584b9b31664dc12c9fa452"
    integrity sha512-ETEklSGi5t0QMZuiXoA/Q6vcnxcLQP5vdugSpuAyi6SVGi2clPPp+xgEhuMaHC+zGgn31Kd235W35f7Hykkaww==
    dependencies:
      asynckit "^0.4.0"
      combined-stream "^1.0.8"
      mime-types "^2.1.12"
  
  foundry-primitives@^0.2.1:
    version "0.2.1"
    resolved "https://registry.yarnpkg.com/foundry-primitives/-/foundry-primitives-0.2.1.tgz#287f35d7179905f10e87ac71dc4acc5636f41437"
    integrity sha512-q/m/08djWYMfaZWddCz6QVL6tEcCzyJyigQOmUZDS8WIuT6mVF60fpewpxhy892F/E+hEl8mgE5iutgXf74lbg==
    dependencies:
      bignumber.js "^7.2.1"
      blakejs "^1.1.0"
      bn.js "^4.11.8"
      buffer "^5.2.1"
      crypto-js "^3.1.9-1"
      elliptic "^6.4.1"
      hmac-drbg "^1.0.1"
      lodash "^4.17.14"
      node-forge "^0.7.6"
      rlp "^2.1.0"
      tweetnacl "^1.0.3"
  
  fs@^0.0.1-security:
    version "0.0.1-security"
    resolved "https://registry.yarnpkg.com/fs/-/fs-0.0.1-security.tgz#8a7bd37186b6dddf3813f23858b57ecaaf5e41d4"
    integrity sha512-3XY9e1pP0CVEUCdj5BmfIZxRBTSDycnbqhIOGec9QYtmVH2fbLpj86CFWkrNOkt/Fvty4KZG5lTglL9j/gJ87w==
  
  hash-base@^3.0.0:
    version "3.1.0"
    resolved "https://registry.yarnpkg.com/hash-base/-/hash-base-3.1.0.tgz#55c381d9e06e1d2997a883b4a3fddfe7f0d3af33"
    integrity sha512-1nmYp/rhMDiE7AYkDw+lLwlAzz0AntGIe51F3RfFfEqyQ3feY2eI/NcwC6umIQVOASPMsWJLJScWKSSvzL9IVA==
    dependencies:
      inherits "^2.0.4"
      readable-stream "^3.6.0"
      safe-buffer "^5.2.0"
  
  hash.js@1.1.7, hash.js@^1.0.0, hash.js@^1.0.3:
    version "1.1.7"
    resolved "https://registry.yarnpkg.com/hash.js/-/hash.js-1.1.7.tgz#0babca538e8d4ee4a0f8988d68866537a003cf42"
    integrity sha512-taOaskGt4z4SOANNseOviYDvjEJinIkRgmp7LbKP2YTTmVxWBl87s/uzK9r+44BclBSp2X7K1hqeNfz9JbBeXA==
    dependencies:
      inherits "^2.0.3"
      minimalistic-assert "^1.0.1"
  
  hdkey@^2.0.1:
    version "2.0.1"
    resolved "https://registry.yarnpkg.com/hdkey/-/hdkey-2.0.1.tgz#0a211d0c510bfc44fa3ec9d44b13b634641cad74"
    integrity sha512-c+tl9PHG9/XkGgG0tD7CJpRVaE0jfZizDNmnErUAKQ4EjQSOcOUcV3EN9ZEZS8pZ4usaeiiK0H7stzuzna8feA==
    dependencies:
      bs58check "^2.1.2"
      safe-buffer "^5.1.1"
      secp256k1 "^4.0.0"
  
  hmac-drbg@^1.0.1:
    version "1.0.1"
    resolved "https://registry.yarnpkg.com/hmac-drbg/-/hmac-drbg-1.0.1.tgz#d2745701025a6c775a6c545793ed502fc0c649a1"
    integrity sha512-Tti3gMqLdZfhOQY1Mzf/AanLiqh1WTiJgEj26ZuYQ9fbkLomzGchCws4FyrSd4VkpBfiNhaE1On+lOz894jvXg==
    dependencies:
      hash.js "^1.0.3"
      minimalistic-assert "^1.0.0"
      minimalistic-crypto-utils "^1.0.1"
  
  ieee754@^1.1.13:
    version "1.2.1"
    resolved "https://registry.yarnpkg.com/ieee754/-/ieee754-1.2.1.tgz#8eb7a10a63fff25d15a57b001586d177d1b0d352"
    integrity sha512-dcyqhDvX1C46lXZcVqCpK+FtMRQVdIMN6/Df5js2zouUsqG7I6sFxitIC+7KYK29KdXOLHdu9zL4sFnoVQnqaA==
  
  inherits@^2.0.1, inherits@^2.0.3, inherits@^2.0.4:
    version "2.0.4"
    resolved "https://registry.yarnpkg.com/inherits/-/inherits-2.0.4.tgz#0fa2c64f932917c3433a0ded55363aae37416b7c"
    integrity sha512-k/vGaX4/Yla3WzyMCvTQOXYeIHvqOKtnqBduzTHpzpQZzAskKMhZ2K+EnBiSM9zGSoIFeMpXKxa4dYeZIQqewQ==
  
  is-retry-allowed@^2.2.0:
    version "2.2.0"
    resolved "https://registry.yarnpkg.com/is-retry-allowed/-/is-retry-allowed-2.2.0.tgz#88f34cbd236e043e71b6932d09b0c65fb7b4d71d"
    integrity sha512-XVm7LOeLpTW4jV19QSH38vkswxoLud8sQ57YwJVTPWdiaI9I8keEhGFpBlslyVsgdQy4Opg8QOLb8YRgsyZiQg==
  
  js-sha3@0.8.0:
    version "0.8.0"
    resolved "https://registry.yarnpkg.com/js-sha3/-/js-sha3-0.8.0.tgz#b9b7a5da73afad7dedd0f8c463954cbde6818840"
    integrity sha512-gF1cRrHhIzNfToc802P800N8PpXS+evLLXfsVpowqmAFR9uwbi89WvXg2QspOmXL8QL86J4T1EpFu+yUkwJY3Q==
  
  lodash@^4.17.14:
    version "4.17.21"
    resolved "https://registry.yarnpkg.com/lodash/-/lodash-4.17.21.tgz#679591c564c3bffaae8454cf0b3df370c3d6911c"
    integrity sha512-v2kDEe57lecTulaDIuNTPy3Ry4gLGJ6Z1O3vE1krgXZNrsQ+LFTGHVxVjcXPs17LhbZVGedAJv8XZ1tvj5FvSg==
  
  long@^4.0.0:
    version "4.0.0"
    resolved "https://registry.yarnpkg.com/long/-/long-4.0.0.tgz#9a7b71cfb7d361a194ea555241c92f7468d5bf28"
    integrity sha512-XsP+KhQif4bjX1kbuSiySJFNAehNxgLb6hPRGJ9QsUr8ajHkuXGdrHmFUTUUXhDwVX2R5bY4JNZEwbUiMhV+MA==
  
  md5.js@^1.3.4:
    version "1.3.5"
    resolved "https://registry.yarnpkg.com/md5.js/-/md5.js-1.3.5.tgz#b5d07b8e3216e3e27cd728d72f70d1e6a342005f"
    integrity sha512-xitP+WxNPcTTOgnTJcrhM0xvdPepipPSf3I8EIpGKeFLjt3PlJLIDG3u8EX53ZIubkb+5U2+3rELYpEhHhzdkg==
    dependencies:
      hash-base "^3.0.0"
      inherits "^2.0.1"
      safe-buffer "^5.1.2"
  
  mime-db@1.52.0:
    version "1.52.0"
    resolved "https://registry.yarnpkg.com/mime-db/-/mime-db-1.52.0.tgz#bbabcdc02859f4987301c856e3387ce5ec43bf70"
    integrity sha512-sPU4uV7dYlvtWJxwwxHD0PuihVNiE7TyAbQ5SWxDCB9mUYvOgroQOwYQQOKPJ8CIbE+1ETVlOoK1UC2nU3gYvg==
  
  mime-types@^2.1.12:
    version "2.1.35"
    resolved "https://registry.yarnpkg.com/mime-types/-/mime-types-2.1.35.tgz#381a871b62a734450660ae3deee44813f70d959a"
    integrity sha512-ZDY+bPm5zTTF+YpCrAU9nK0UgICYPT0QtT1NZWFv4s++TNkcgVaT0g6+4R2uI4MjQjzysHB1zxuWL50hzaeXiw==
    dependencies:
      mime-db "1.52.0"
  
  minimalistic-assert@^1.0.0, minimalistic-assert@^1.0.1:
    version "1.0.1"
    resolved "https://registry.yarnpkg.com/minimalistic-assert/-/minimalistic-assert-1.0.1.tgz#2e194de044626d4a10e7f7fbc00ce73e83e4d5c7"
    integrity sha512-UtJcAD4yEaGtjPezWuO9wC4nwUnVH/8/Im3yEHQP4b67cXlD/Qr9hdITCU1xDbSEXg2XKNaP8jsReV7vQd00/A==
  
  minimalistic-crypto-utils@^1.0.1:
    version "1.0.1"
    resolved "https://registry.yarnpkg.com/minimalistic-crypto-utils/-/minimalistic-crypto-utils-1.0.1.tgz#f6c00c1c0b082246e5c4d99dfb8c7c083b2b582a"
    integrity sha512-JIYlbt6g8i5jKfJ3xz7rF0LXmv2TkDxBLUkiBeZ7bAx4GnnNMr8xFpGnOxn6GhTEHx3SjRrZEoU+j04prX1ktg==
  
  nan@^2.13.2:
    version "2.16.0"
    resolved "https://registry.yarnpkg.com/nan/-/nan-2.16.0.tgz#664f43e45460fb98faf00edca0bb0d7b8dce7916"
    integrity sha512-UdAqHyFngu7TfQKsCBgAA6pWDkT8MAO7d0jyOecVhN5354xbLqdn8mV9Tat9gepAupm0bt2DbeaSC8vS52MuFA==
  
  node-addon-api@^2.0.0:
    version "2.0.2"
    resolved "https://registry.yarnpkg.com/node-addon-api/-/node-addon-api-2.0.2.tgz#432cfa82962ce494b132e9d72a15b29f71ff5d32"
    integrity sha512-Ntyt4AIXyaLIuMHF6IOoTakB3K+RWxwtsHNRxllEoA6vPwP9o4866g6YWDLUdnucilZhmkxiHwHr11gAENw+QA==
  
  node-forge@^0.7.6:
    version "0.7.6"
    resolved "https://registry.yarnpkg.com/node-forge/-/node-forge-0.7.6.tgz#fdf3b418aee1f94f0ef642cd63486c77ca9724ac"
    integrity sha512-sol30LUpz1jQFBjOKwbjxijiE3b6pjd74YwfD0fJOKPjF+fONKb2Yg8rYgS6+bK6VDl+/wfr4IYpC7jDzLUIfw==
  
  node-gyp-build@^4.2.0:
    version "4.5.0"
    resolved "https://registry.yarnpkg.com/node-gyp-build/-/node-gyp-build-4.5.0.tgz#7a64eefa0b21112f89f58379da128ac177f20e40"
    integrity sha512-2iGbaQBV+ITgCz76ZEjmhUKAKVf7xfY1sRl4UiKQspfZMH2h06SyhNsnSVy50cwkFQDGLyif6m/6uFXHkOZ6rg==
  
  pbkdf2@^3.0.9:
    version "3.1.2"
    resolved "https://registry.yarnpkg.com/pbkdf2/-/pbkdf2-3.1.2.tgz#dd822aa0887580e52f1a039dc3eda108efae3075"
    integrity sha512-iuh7L6jA7JEGu2WxDwtQP1ddOpaJNC4KlDEFfdQajSGgGPNi4OyDc2R7QnbY2bR9QjBVGwgvTdNJZoE7RaxUMA==
    dependencies:
      create-hash "^1.1.2"
      create-hmac "^1.1.4"
      ripemd160 "^2.0.1"
      safe-buffer "^5.0.1"
      sha.js "^2.4.8"
  
  process@^0.11.10:
    version "0.11.10"
    resolved "https://registry.yarnpkg.com/process/-/process-0.11.10.tgz#7332300e840161bda3e69a1d1d91a7d4bc16f182"
    integrity sha512-cdGef/drWFoydD1JsMzuFf8100nZl+GT+yacc2bEced5f9Rjk4z+WtFUTBu9PhOi9j/jfmBPu0mMEY4wIdAF8A==
  
  protobufjs@^6.11.2:
    version "6.11.3"
    resolved "https://registry.yarnpkg.com/protobufjs/-/protobufjs-6.11.3.tgz#637a527205a35caa4f3e2a9a4a13ddffe0e7af74"
    integrity sha512-xL96WDdCZYdU7Slin569tFX712BxsxslWwAfAhCYjQKGTq7dAU91Lomy6nLLhh/dyGhk/YH4TwTSRxTzhuHyZg==
    dependencies:
      "@protobufjs/aspromise" "^1.1.2"
      "@protobufjs/base64" "^1.1.2"
      "@protobufjs/codegen" "^2.0.4"
      "@protobufjs/eventemitter" "^1.1.0"
      "@protobufjs/fetch" "^1.1.0"
      "@protobufjs/float" "^1.0.2"
      "@protobufjs/inquire" "^1.1.0"
      "@protobufjs/path" "^1.1.2"
      "@protobufjs/pool" "^1.1.0"
      "@protobufjs/utf8" "^1.1.0"
      "@types/long" "^4.0.1"
      "@types/node" ">=13.7.0"
      long "^4.0.0"
  
  randombytes@^2.0.1:
    version "2.1.0"
    resolved "https://registry.yarnpkg.com/randombytes/-/randombytes-2.1.0.tgz#df6f84372f0270dc65cdf6291349ab7a473d4f2a"
    integrity sha512-vYl3iOX+4CKUWuxGi9Ukhie6fsqXqS9FE2Zaic4tNFD2N2QQaXOMFbuKK4QmDHC0JO6B1Zp41J0LpT0oR68amQ==
    dependencies:
      safe-buffer "^5.1.0"
  
  readable-stream@^3.6.0:
    version "3.6.0"
    resolved "https://registry.yarnpkg.com/readable-stream/-/readable-stream-3.6.0.tgz#337bbda3adc0706bd3e024426a286d4b4b2c9198"
    integrity sha512-BViHy7LKeTz4oNnkcLJ+lVSL6vpiFeX6/d3oSH8zCW7UxP2onchk+vTGB143xuFjHS3deTgkKoXXymXqymiIdA==
    dependencies:
      inherits "^2.0.3"
      string_decoder "^1.1.1"
      util-deprecate "^1.0.1"
  
  regenerator-runtime@^0.13.4:
    version "0.13.9"
    resolved "https://registry.yarnpkg.com/regenerator-runtime/-/regenerator-runtime-0.13.9.tgz#8925742a98ffd90814988d7566ad30ca3b263b52"
    integrity sha512-p3VT+cOEgxFsRRA9X4lkI1E+k2/CtnKtU4gcxyaCUreilL/vqI6CdZ3wxVUx3UOUg+gnUOQQcRI7BmSI656MYA==
  
  ripemd160@^2.0.0, ripemd160@^2.0.1:
    version "2.0.2"
    resolved "https://registry.yarnpkg.com/ripemd160/-/ripemd160-2.0.2.tgz#a1c1a6f624751577ba5d07914cbc92850585890c"
    integrity sha512-ii4iagi25WusVoiC4B4lq7pbXfAp3D9v5CwfkY33vffw2+pkDjY1D8GaN7spsxvCSx8dkPqOZCEZyfxcmJG2IA==
    dependencies:
      hash-base "^3.0.0"
      inherits "^2.0.1"
  
  rlp@^2.1.0:
    version "2.2.7"
    resolved "https://registry.yarnpkg.com/rlp/-/rlp-2.2.7.tgz#33f31c4afac81124ac4b283e2bd4d9720b30beaf"
    integrity sha512-d5gdPmgQ0Z+AklL2NVXr/IoSjNZFfTVvQWzL/AM2AOcSzYP2xjlb0AC8YyCLc41MSNf6P6QVtjgPdmVtzb+4lQ==
    dependencies:
      bn.js "^5.2.0"
  
  rxjs@^7.4.0:
    version "7.5.6"
    resolved "https://registry.yarnpkg.com/rxjs/-/rxjs-7.5.6.tgz#0446577557862afd6903517ce7cae79ecb9662bc"
    integrity sha512-dnyv2/YsXhnm461G+R/Pe5bWP41Nm6LBXEYWI6eiFP4fiwx6WRI/CD0zbdVAudd9xwLEF2IDcKXLHit0FYjUzw==
    dependencies:
      tslib "^2.1.0"
  
  safe-buffer@^5.0.1, safe-buffer@^5.1.0, safe-buffer@^5.1.1, safe-buffer@^5.1.2, safe-buffer@^5.2.0, safe-buffer@~5.2.0:
    version "5.2.1"
    resolved "https://registry.yarnpkg.com/safe-buffer/-/safe-buffer-5.2.1.tgz#1eaf9fa9bdb1fdd4ec75f58f9cdb4e6b7827eec6"
    integrity sha512-rp3So07KcdmmKbGvgaNxQSJr7bGVSVk5S9Eq1F+ppbRo70+YeaDxkw5Dd8NPN+GD6bjnYm2VuPuCXmpuYvmCXQ==
  
  scrypt-js@3.0.1:
    version "3.0.1"
    resolved "https://registry.yarnpkg.com/scrypt-js/-/scrypt-js-3.0.1.tgz#d314a57c2aef69d1ad98a138a21fe9eafa9ee312"
    integrity sha512-cdwTTnqPu0Hyvf5in5asVdZocVDTNRmR7XEcJuIzMjJeSHybHl7vpB66AzwTaIg6CLSbtjcxc8fqcySfnTkccA==
  
  secp256k1@^4.0.0, secp256k1@^4.0.2:
    version "4.0.3"
    resolved "https://registry.yarnpkg.com/secp256k1/-/secp256k1-4.0.3.tgz#c4559ecd1b8d3c1827ed2d1b94190d69ce267303"
    integrity sha512-NLZVf+ROMxwtEj3Xa562qgv2BK5e2WNmXPiOdVIPLgs6lyTzMvBq0aWTYMI5XCP9jZMVKOcqZLw/Wc4vDkuxhA==
    dependencies:
      elliptic "^6.5.4"
      node-addon-api "^2.0.0"
      node-gyp-build "^4.2.0"
  
  sha.js@^2.4.0, sha.js@^2.4.8:
    version "2.4.11"
    resolved "https://registry.yarnpkg.com/sha.js/-/sha.js-2.4.11.tgz#37a5cf0b81ecbc6943de109ba2960d1b26584ae7"
    integrity sha512-QMEp5B7cftE7APOjk5Y6xgrbWu+WkLVQwk8JNjZ8nKRciZaByEW6MubieAiToS7+dwvrjGhH8jRXz3MVd0AYqQ==
    dependencies:
      inherits "^2.0.1"
      safe-buffer "^5.0.1"
  
  string_decoder@^1.1.1:
    version "1.3.0"
    resolved "https://registry.yarnpkg.com/string_decoder/-/string_decoder-1.3.0.tgz#42f114594a46cf1a8e30b0a84f56c78c3edac21e"
    integrity sha512-hkRX8U1WjJFd8LsDJ2yQ/wWWxaopEsABU1XfkM8A+j0+85JAGppt16cr1Whg6KIbb4okU6Mql6BOj+uup/wKeA==
    dependencies:
      safe-buffer "~5.2.0"
  
  tiny-secp256k1@^1.1.3:
    version "1.1.6"
    resolved "https://registry.yarnpkg.com/tiny-secp256k1/-/tiny-secp256k1-1.1.6.tgz#7e224d2bee8ab8283f284e40e6b4acb74ffe047c"
    integrity sha512-FmqJZGduTyvsr2cF3375fqGHUovSwDi/QytexX1Se4BPuPZpTE5Ftp5fg+EFSuEf3lhZqgCRjEG3ydUQ/aNiwA==
    dependencies:
      bindings "^1.3.0"
      bn.js "^4.11.8"
      create-hmac "^1.1.7"
      elliptic "^6.4.0"
      nan "^2.13.2"
  
  tslib@^2.1.0:
    version "2.4.0"
    resolved "https://registry.yarnpkg.com/tslib/-/tslib-2.4.0.tgz#7cecaa7f073ce680a05847aa77be941098f36dc3"
    integrity sha512-d6xOpEDfsi2CZVlPQzGeux8XMwLT9hssAsaPYExaQMuYskwb+x1x7J371tWlbBdWHroy99KnVB6qIkUbs5X3UQ==
  
  tweetnacl@^1.0.3:
    version "1.0.3"
    resolved "https://registry.yarnpkg.com/tweetnacl/-/tweetnacl-1.0.3.tgz#ac0af71680458d8a6378d0d0d050ab1407d35596"
    integrity sha512-6rt+RN7aOi1nGMyC4Xa5DdYiukl2UWCbcJft7YhxReBGQD7OAM8Pbxw6YMo4r2diNEA8FEmu32YOn9rhaiE5yw==
  
  typeforce@^1.11.5:
    version "1.18.0"
    resolved "https://registry.yarnpkg.com/typeforce/-/typeforce-1.18.0.tgz#d7416a2c5845e085034d70fcc5b6cc4a90edbfdc"
    integrity sha512-7uc1O8h1M1g0rArakJdf0uLRSSgFcYexrVoKo+bzJd32gd4gDy2L/Z+8/FjPnU9ydY3pEnVPtr9FyscYY60K1g==
  
  typescript@^4.7.4:
    version "4.7.4"
    resolved "https://registry.yarnpkg.com/typescript/-/typescript-4.7.4.tgz#1a88596d1cf47d59507a1bcdfb5b9dfe4d488235"
    integrity sha512-C0WQT0gezHuw6AdY1M2jxUO83Rjf0HP7Sk1DtXj6j1EwkQNZrHAg2XPWlq62oqEhYvONq5pkC2Y9oPljWToLmQ==
  
  util-deprecate@^1.0.1:
    version "1.0.2"
    resolved "https://registry.yarnpkg.com/util-deprecate/-/util-deprecate-1.0.2.tgz#450d4dc9fa70de732762fbd2d4a28981419a0ccf"
    integrity sha512-EPD5q1uXyFxJpCrLnCc1nHnq3gOa6DZBocAIiI2TaSCA7VCJ1UJDMagCzIkXNsUYfD1daK//LTEQ8xiIbrHtcw==
  
  uuid@^8.3.2:
    version "8.3.2"
    resolved "https://registry.yarnpkg.com/uuid/-/uuid-8.3.2.tgz#80d5b5ced271bb9af6c445f21a1a04c606cefbe2"
    integrity sha512-+NYs2QeMWy+GWFOEm9xnn6HCDp0l7QBD7ml8zLUmJ+93Q5NF0NocErnwkTkXVFNiX3/fpC6afS8Dhb/gz7R7eg==
  
  wif@^2.0.6:
    version "2.0.6"
    resolved "https://registry.yarnpkg.com/wif/-/wif-2.0.6.tgz#08d3f52056c66679299726fade0d432ae74b4704"
    integrity sha512-HIanZn1zmduSF+BQhkE+YXIbEiH0xPr1012QbFEGB0xsKqJii0/SqJjyn8dFv6y36kOznMgMB+LGcbZTJ1xACQ==
    dependencies:
      bs58check "<3.0.0"
  
  ws@7.4.6:
    version "7.4.6"
    resolved "https://registry.yarnpkg.com/ws/-/ws-7.4.6.tgz#5654ca8ecdeee47c33a9a4bf6d28e2be2980377c"
    integrity sha512-YmhHDO4MzaDLB+M9ym/mDA5z0naX8j7SIlT8f8z+I0VtzsRbekxEutHSme7NPS2qE8StCYQNUnfWdXta/Yu85A==
